
> frontend@0.1.0 dev
> next dev

▲ Next.js 16.1.0 (Turbopack)
- Local:         http://localhost:3000
- Network:       http://192.168.0.2:3000

✓ Starting...
Attention: Next.js now collects completely anonymous telemetry regarding usage.
This information is used to shape Next.js' roadmap and prioritize features.
You can learn more, including how to opt-out if you'd not like to participate in this anonymous program, by visiting the following URL:
https://nextjs.org/telemetry

✓ Ready in 1113ms
○ Compiling / ...
 GET / 200 in 8.9s (compile: 8.1s, render: 736ms)
 GET / 200 in 156ms (compile: 27ms, render: 129ms)
 GET / 200 in 60ms (compile: 5ms, render: 55ms)
 GET / 200 in 69ms (compile: 4ms, render: 66ms)
 GET / 200 in 69ms (compile: 6ms, render: 63ms)
 GET / 200 in 59ms (compile: 3ms, render: 55ms)
 GET / 200 in 61ms (compile: 4ms, render: 57ms)
 GET / 200 in 56ms (compile: 3ms, render: 52ms)
 GET / 200 in 55ms (compile: 5ms, render: 50ms)
 GET / 200 in 58ms (compile: 4ms, render: 54ms)
 GET / 200 in 660ms (compile: 232ms, render: 428ms)
 GET / 200 in 84ms (compile: 3ms, render: 80ms)
 GET / 200 in 56ms (compile: 5ms, render: 51ms)
 GET / 200 in 56ms (compile: 3ms, render: 52ms)
